<?xml version="1.0" encoding="UTF-8"?>
<!-- Generated by org.testng.reporters.JUnitReportReporter -->
<testsuite hostname="sumo" failures="0" tests="1" name="com.keybord.CopyPest" time="10.927" errors="0" timestamp="15 Mar 2023 10:56:00 GMT" skipped="0">
  <testcase classname="com.keybord.CopyPest" name="Copy" time="10.927"/>
</testsuite> <!-- com.keybord.CopyPest -->
