<?xml version="1.0" encoding="UTF-8"?>
<!-- Generated by org.testng.reporters.JUnitReportReporter -->
<testsuite hostname="sumo" failures="0" tests="1" name="com.test.Drag" time="7.596" errors="0" timestamp="15 Mar 2023 10:56:00 GMT" skipped="0">
  <testcase classname="com.test.Drag" name="DragDrop" time="7.596"/>
</testsuite> <!-- com.test.Drag -->
