<?xml version="1.0" encoding="UTF-8"?>
<!-- Generated by org.testng.reporters.JUnitReportReporter -->
<testsuite hostname="sumo" failures="0" tests="1" name="com.test.TestWebDriverManager" time="5.130" errors="0" timestamp="15 Mar 2023 10:56:00 GMT" skipped="0">
  <testcase classname="com.test.TestWebDriverManager" name="Webdriver" time="5.130"/>
</testsuite> <!-- com.test.TestWebDriverManager -->
